[Sat 22 Nov 2025 11:57:37 PM PST] Host: nid008509
SLURM_JOB_ID=45546018  SLURM_ARRAY_JOB_ID=45542882  TASK_ID=3
WorkDir: /global/u1/z/zhaozhon/project
CUDA devices: 0,1,2,3
/global/common/software/desi/perlmutter/desiconda/20240425-2.2.0/conda/bin/python
Python 3.10.14
Sat Nov 22 23:57:37 2025       
+-----------------------------------------------------------------------------------------+
| NVIDIA-SMI 550.163.01             Driver Version: 550.163.01     CUDA Version: 12.4     |
|-----------------------------------------+------------------------+----------------------+
| GPU  Name                 Persistence-M | Bus-Id          Disp.A | Volatile Uncorr. ECC |
| Fan  Temp   Perf          Pwr:Usage/Cap |           Memory-Usage | GPU-Util  Compute M. |
|                                         |                        |               MIG M. |
|=========================================+========================+======================|
|   0  NVIDIA A100-SXM4-80GB          On  |   00000000:03:00.0 Off |                    0 |
| N/A   31C    P0             62W /  500W |       1MiB /  81920MiB |      0%      Default |
|                                         |                        |             Disabled |
+-----------------------------------------+------------------------+----------------------+
|   1  NVIDIA A100-SXM4-80GB          On  |   00000000:41:00.0 Off |                    0 |
| N/A   28C    P0             58W /  500W |       1MiB /  81920MiB |      0%      Default |
|                                         |                        |             Disabled |
+-----------------------------------------+------------------------+----------------------+
|   2  NVIDIA A100-SXM4-80GB          On  |   00000000:82:00.0 Off |                    0 |
| N/A   29C    P0             59W /  500W |       1MiB /  81920MiB |      0%      Default |
|                                         |                        |             Disabled |
+-----------------------------------------+------------------------+----------------------+
|   3  NVIDIA A100-SXM4-80GB          On  |   00000000:C1:00.0 Off |                    0 |
| N/A   28C    P0             58W /  500W |       1MiB /  81920MiB |      0%      Default |
|                                         |                        |             Disabled |
+-----------------------------------------+------------------------+----------------------+
                                                                                         
+-----------------------------------------------------------------------------------------+
| Processes:                                                                              |
|  GPU   GI   CI        PID   Type   Process name                              GPU Memory |
|        ID   ID                                                               Usage      |
|=========================================================================================|
|  No running processes found                                                             |
+-----------------------------------------------------------------------------------------+
JAX backend: gpu
[bin 3] z=2.5-2.6  N=25089  from: y3_bin3_z2.5-2.6_arrays.npz
[bin 3] starting MCMC: 4 chains × 10000 samples (warmup 10000)

                 mean       std    median      5.0%     95.0%     n_eff     r_hat
          b      1.74      0.17      1.72      1.47      2.00   8618.23      1.00
       beta     -3.36      0.14     -3.36     -3.58     -3.13   7033.21      1.00
        gap      1.87      0.07      1.87      1.75      1.99  10664.67      1.00
  log_Lstar    106.48      0.16    106.48    106.22    106.75   7272.55      1.00
   log_Nphi      8.42      0.22      8.43      8.07      8.78   7249.66      1.00
         m0     22.50      0.20     22.51     22.17     22.83   7806.25      1.00

Number of divergences: 0
[save] wrote /global/u1/z/zhaozhon/project/results/mcmc/per_bin/y3_bin3_z2.5-2.6.npz (resolved from /global/homes/z/zhaozhon/project/results/mcmc/per_bin/y3_bin3_z2.5-2.6.npz)
[bin 3] done.
