[Mon 20 Oct 2025 05:16:42 AM PDT] Host: nid008196
SLURM_JOB_ID=44167628  SLURM_ARRAY_JOB_ID=44167626  TASK_ID=1
WorkDir: /global/u1/z/zhaozhon/project
CUDA devices: 0,1,2,3
/global/common/software/desi/perlmutter/desiconda/20240425-2.2.0/conda/bin/python
Python 3.10.14
Mon Oct 20 05:16:42 2025       
+-----------------------------------------------------------------------------------------+
| NVIDIA-SMI 550.163.01             Driver Version: 550.163.01     CUDA Version: 12.4     |
|-----------------------------------------+------------------------+----------------------+
| GPU  Name                 Persistence-M | Bus-Id          Disp.A | Volatile Uncorr. ECC |
| Fan  Temp   Perf          Pwr:Usage/Cap |           Memory-Usage | GPU-Util  Compute M. |
|                                         |                        |               MIG M. |
|=========================================+========================+======================|
|   0  NVIDIA A100-SXM4-80GB          On  |   00000000:03:00.0 Off |                    0 |
| N/A   28C    P0             62W /  500W |       1MiB /  81920MiB |      0%      Default |
|                                         |                        |             Disabled |
+-----------------------------------------+------------------------+----------------------+
|   1  NVIDIA A100-SXM4-80GB          On  |   00000000:41:00.0 Off |                    0 |
| N/A   28C    P0             61W /  500W |       1MiB /  81920MiB |      0%      Default |
|                                         |                        |             Disabled |
+-----------------------------------------+------------------------+----------------------+
|   2  NVIDIA A100-SXM4-80GB          On  |   00000000:82:00.0 Off |                    0 |
| N/A   30C    P0             63W /  500W |       1MiB /  81920MiB |      0%      Default |
|                                         |                        |             Disabled |
+-----------------------------------------+------------------------+----------------------+
|   3  NVIDIA A100-SXM4-80GB          On  |   00000000:C1:00.0 Off |                    0 |
| N/A   27C    P0             60W /  500W |       1MiB /  81920MiB |      0%      Default |
|                                         |                        |             Disabled |
+-----------------------------------------+------------------------+----------------------+
                                                                                         
+-----------------------------------------------------------------------------------------+
| Processes:                                                                              |
|  GPU   GI   CI        PID   Type   Process name                              GPU Memory |
|        ID   ID                                                               Usage      |
|=========================================================================================|
|  No running processes found                                                             |
+-----------------------------------------------------------------------------------------+
JAX backend: gpu
[bin 1] z=2.3-2.4  N=33604  from: y3_bin1_z2.3-2.4_arrays.npz

                 mean       std    median      5.0%     95.0%     n_eff     r_hat
          b      1.74      0.21      1.71      1.43      2.07   9162.03      1.00
       beta     -3.23      0.11     -3.23     -3.41     -3.05   7669.97      1.00
        gap      1.78      0.06      1.79      1.69      1.88  13500.30      1.00
  log_Lstar    106.20      0.15    106.19    105.95    106.45   7422.97      1.00
   log_Nphi      8.81      0.20      8.82      8.50      9.14   7385.09      1.00
         m0     22.68      0.20     22.70     22.37     23.01   7795.88      1.00

Number of divergences: 0
[save] wrote /pscratch/sd/z/zhaozhon/desi-qlf/mcmc/y3_bin1_z2.3-2.4.npz (resolved from /global/homes/z/zhaozhon/project/results/mcmc/per_bin/y3_bin1_z2.3-2.4.npz)
[bin 1] done.
