[Sat 22 Nov 2025 11:08:48 PM PST] Host: nid008213
SLURM_JOB_ID=45542884  SLURM_ARRAY_JOB_ID=45542882  TASK_ID=2
WorkDir: /global/u1/z/zhaozhon/project
CUDA devices: 0,1,2,3
/global/common/software/desi/perlmutter/desiconda/20240425-2.2.0/conda/bin/python
Python 3.10.14
Sat Nov 22 23:08:48 2025       
+-----------------------------------------------------------------------------------------+
| NVIDIA-SMI 550.163.01             Driver Version: 550.163.01     CUDA Version: 12.4     |
|-----------------------------------------+------------------------+----------------------+
| GPU  Name                 Persistence-M | Bus-Id          Disp.A | Volatile Uncorr. ECC |
| Fan  Temp   Perf          Pwr:Usage/Cap |           Memory-Usage | GPU-Util  Compute M. |
|                                         |                        |               MIG M. |
|=========================================+========================+======================|
|   0  NVIDIA A100-SXM4-80GB          On  |   00000000:03:00.0 Off |                    0 |
| N/A   30C    P0             62W /  500W |       1MiB /  81920MiB |      0%      Default |
|                                         |                        |             Disabled |
+-----------------------------------------+------------------------+----------------------+
|   1  NVIDIA A100-SXM4-80GB          On  |   00000000:41:00.0 Off |                    0 |
| N/A   27C    P0             62W /  500W |       1MiB /  81920MiB |      0%      Default |
|                                         |                        |             Disabled |
+-----------------------------------------+------------------------+----------------------+
|   2  NVIDIA A100-SXM4-80GB          On  |   00000000:82:00.0 Off |                    0 |
| N/A   29C    P0             61W /  500W |       1MiB /  81920MiB |      0%      Default |
|                                         |                        |             Disabled |
+-----------------------------------------+------------------------+----------------------+
|   3  NVIDIA A100-SXM4-80GB          On  |   00000000:C1:00.0 Off |                    0 |
| N/A   28C    P0             60W /  500W |       1MiB /  81920MiB |      0%      Default |
|                                         |                        |             Disabled |
+-----------------------------------------+------------------------+----------------------+
                                                                                         
+-----------------------------------------------------------------------------------------+
| Processes:                                                                              |
|  GPU   GI   CI        PID   Type   Process name                              GPU Memory |
|        ID   ID                                                               Usage      |
|=========================================================================================|
|  No running processes found                                                             |
+-----------------------------------------------------------------------------------------+
JAX backend: gpu
[bin 2] z=2.4-2.5  N=29526  from: y3_bin2_z2.4-2.5_arrays.npz
[bin 2] starting MCMC: 4 chains × 10000 samples (warmup 10000)

                 mean       std    median      5.0%     95.0%     n_eff     r_hat
          b      1.64      0.09      1.63      1.50      1.79  10095.43      1.00
       beta     -3.55      0.16     -3.55     -3.81     -3.28   6820.53      1.00
        gap      1.89      0.10      1.88      1.73      2.04   8284.18      1.00
  log_Lstar    106.67      0.17    106.67    106.39    106.95   7434.95      1.00
   log_Nphi      8.16      0.26      8.17      7.74      8.58   7416.42      1.00
         m0     22.25      0.19     22.25     21.94     22.56   8366.63      1.00

Number of divergences: 0
[save] wrote /global/u1/z/zhaozhon/project/results/mcmc/per_bin/y3_bin2_z2.4-2.5.npz (resolved from /global/homes/z/zhaozhon/project/results/mcmc/per_bin/y3_bin2_z2.4-2.5.npz)
[bin 2] done.
