[Mon 20 Oct 2025 05:18:26 AM PDT] Host: nid008693
SLURM_JOB_ID=44167629  SLURM_ARRAY_JOB_ID=44167626  TASK_ID=2
WorkDir: /global/u1/z/zhaozhon/project
CUDA devices: 0,1,2,3
/global/common/software/desi/perlmutter/desiconda/20240425-2.2.0/conda/bin/python
Python 3.10.14
Mon Oct 20 05:18:26 2025       
+-----------------------------------------------------------------------------------------+
| NVIDIA-SMI 550.163.01             Driver Version: 550.163.01     CUDA Version: 12.4     |
|-----------------------------------------+------------------------+----------------------+
| GPU  Name                 Persistence-M | Bus-Id          Disp.A | Volatile Uncorr. ECC |
| Fan  Temp   Perf          Pwr:Usage/Cap |           Memory-Usage | GPU-Util  Compute M. |
|                                         |                        |               MIG M. |
|=========================================+========================+======================|
|   0  NVIDIA A100-SXM4-80GB          On  |   00000000:03:00.0 Off |                    0 |
| N/A   30C    P0             63W /  500W |       1MiB /  81920MiB |      0%      Default |
|                                         |                        |             Disabled |
+-----------------------------------------+------------------------+----------------------+
|   1  NVIDIA A100-SXM4-80GB          On  |   00000000:41:00.0 Off |                    0 |
| N/A   27C    P0             62W /  500W |       1MiB /  81920MiB |      0%      Default |
|                                         |                        |             Disabled |
+-----------------------------------------+------------------------+----------------------+
|   2  NVIDIA A100-SXM4-80GB          On  |   00000000:82:00.0 Off |                    0 |
| N/A   29C    P0             62W /  500W |       1MiB /  81920MiB |      0%      Default |
|                                         |                        |             Disabled |
+-----------------------------------------+------------------------+----------------------+
|   3  NVIDIA A100-SXM4-80GB          On  |   00000000:C1:00.0 Off |                    0 |
| N/A   28C    P0             61W /  500W |       1MiB /  81920MiB |      0%      Default |
|                                         |                        |             Disabled |
+-----------------------------------------+------------------------+----------------------+
                                                                                         
+-----------------------------------------------------------------------------------------+
| Processes:                                                                              |
|  GPU   GI   CI        PID   Type   Process name                              GPU Memory |
|        ID   ID                                                               Usage      |
|=========================================================================================|
|  No running processes found                                                             |
+-----------------------------------------------------------------------------------------+
JAX backend: gpu
[bin 2] z=2.4-2.5  N=29526  from: y3_bin2_z2.4-2.5_arrays.npz

                 mean       std    median      5.0%     95.0%     n_eff     r_hat
          b      1.64      0.09      1.63      1.50      1.79   9375.77      1.00
       beta     -3.56      0.16     -3.55     -3.83     -3.29   6768.37      1.00
        gap      1.89      0.10      1.88      1.73      2.04   8105.15      1.00
  log_Lstar    106.67      0.17    106.67    106.40    106.96   7280.33      1.00
   log_Nphi      8.16      0.25      8.17      7.75      8.59   7256.40      1.00
         m0     22.25      0.19     22.25     21.94     22.55   8010.04      1.00

Number of divergences: 0
[save] wrote /pscratch/sd/z/zhaozhon/desi-qlf/mcmc/y3_bin2_z2.4-2.5.npz (resolved from /global/homes/z/zhaozhon/project/results/mcmc/per_bin/y3_bin2_z2.4-2.5.npz)
[bin 2] done.
