[Sat 22 Nov 2025 11:00:53 PM PST] Host: nid008512
SLURM_JOB_ID=45542883  SLURM_ARRAY_JOB_ID=45542882  TASK_ID=1
WorkDir: /global/u1/z/zhaozhon/project
CUDA devices: 0,1,2,3
/global/common/software/desi/perlmutter/desiconda/20240425-2.2.0/conda/bin/python
Python 3.10.14
Sat Nov 22 23:00:53 2025       
+-----------------------------------------------------------------------------------------+
| NVIDIA-SMI 550.163.01             Driver Version: 550.163.01     CUDA Version: 12.4     |
|-----------------------------------------+------------------------+----------------------+
| GPU  Name                 Persistence-M | Bus-Id          Disp.A | Volatile Uncorr. ECC |
| Fan  Temp   Perf          Pwr:Usage/Cap |           Memory-Usage | GPU-Util  Compute M. |
|                                         |                        |               MIG M. |
|=========================================+========================+======================|
|   0  NVIDIA A100-SXM4-80GB          On  |   00000000:03:00.0 Off |                    0 |
| N/A   29C    P0             61W /  500W |       1MiB /  81920MiB |      0%      Default |
|                                         |                        |             Disabled |
+-----------------------------------------+------------------------+----------------------+
|   1  NVIDIA A100-SXM4-80GB          On  |   00000000:41:00.0 Off |                    0 |
| N/A   27C    P0             62W /  500W |       1MiB /  81920MiB |      0%      Default |
|                                         |                        |             Disabled |
+-----------------------------------------+------------------------+----------------------+
|   2  NVIDIA A100-SXM4-80GB          On  |   00000000:82:00.0 Off |                    0 |
| N/A   29C    P0             61W /  500W |       1MiB /  81920MiB |      0%      Default |
|                                         |                        |             Disabled |
+-----------------------------------------+------------------------+----------------------+
|   3  NVIDIA A100-SXM4-80GB          On  |   00000000:C1:00.0 Off |                    0 |
| N/A   27C    P0             60W /  500W |       1MiB /  81920MiB |      0%      Default |
|                                         |                        |             Disabled |
+-----------------------------------------+------------------------+----------------------+
                                                                                         
+-----------------------------------------------------------------------------------------+
| Processes:                                                                              |
|  GPU   GI   CI        PID   Type   Process name                              GPU Memory |
|        ID   ID                                                               Usage      |
|=========================================================================================|
|  No running processes found                                                             |
+-----------------------------------------------------------------------------------------+
JAX backend: gpu
[bin 1] z=2.3-2.4  N=33604  from: y3_bin1_z2.3-2.4_arrays.npz
[bin 1] starting MCMC: 4 chains × 10000 samples (warmup 10000)

                 mean       std    median      5.0%     95.0%     n_eff     r_hat
          b      1.74      0.21      1.71      1.42      2.05   8525.77      1.00
       beta     -3.23      0.11     -3.23     -3.41     -3.05   7316.20      1.00
        gap      1.78      0.06      1.79      1.69      1.88  12967.67      1.00
  log_Lstar    106.20      0.15    106.19    105.95    106.45   6992.59      1.00
   log_Nphi      8.81      0.20      8.82      8.49      9.12   6880.68      1.00
         m0     22.68      0.20     22.70     22.37     23.01   6994.67      1.00

Number of divergences: 0
[save] wrote /global/u1/z/zhaozhon/project/results/mcmc/per_bin/y3_bin1_z2.3-2.4.npz (resolved from /global/homes/z/zhaozhon/project/results/mcmc/per_bin/y3_bin1_z2.3-2.4.npz)
[bin 1] done.
